   Compiling proc-macro2 v1.0.106
   Compiling quote v1.0.44
   Compiling unicode-ident v1.0.24
   Compiling version_check v0.9.5
   Compiling serde_core v1.0.228
   Compiling typenum v1.19.0
   Compiling serde v1.0.228
   Compiling zmij v1.0.21
   Compiling serde_json v1.0.149
   Compiling generic-array v0.14.9
    Checking cfg-if v1.0.4
   Compiling itoa v1.0.17
   Compiling memchr v2.8.0
   Compiling autocfg v1.5.0
    Checking subtle v2.6.1
    Checking const-oid v0.9.6
    Checking getrandom v0.2.17
   Compiling strsim v0.11.1
    Checking rand_core v0.6.4
   Compiling ident_case v1.0.1
   Compiling fnv v1.0.7
   Compiling num-traits v0.2.19
   Compiling thiserror v1.0.69
   Compiling zerocopy v0.8.39
   Compiling syn v2.0.116
   Compiling semver v1.0.27
   Compiling syn v1.0.109
   Compiling rustc_version v0.4.1
   Compiling paste v1.0.15
   Compiling data-encoding v2.10.0
   Compiling num-integer v0.1.46
   Compiling escape-bytes v0.1.1
   Compiling num-bigint v0.4.6
    Checking ff v0.13.1
   Compiling ahash v0.8.12
   Compiling either v1.15.0
    Checking base16ct v0.2.0
   Compiling itertools v0.10.5
   Compiling darling_core v0.21.3
    Checking group v0.13.0
   Compiling libm v0.2.16
    Checking once_cell v1.21.3
    Checking ppv-lite86 v0.2.21
    Checking cpufeatures v0.2.17
    Checking hashbrown v0.13.2
    Checking rand_chacha v0.3.1
   Compiling ark-serialize-derive v0.4.2
   Compiling serde_derive v1.0.228
   Compiling zeroize_derive v1.4.3
   Compiling thiserror-impl v1.0.69
    Checking rand v0.8.5
   Compiling derivative v2.2.0
   Compiling ark-ff-asm v0.4.2
    Checking ark-std v0.4.0
   Compiling ark-ff-macros v0.4.2
    Checking zeroize v1.8.2
   Compiling num-derive v0.4.2
    Checking der v0.7.10
   Compiling darling_macro v0.21.3
   Compiling curve25519-dalek v4.1.3
    Checking downcast-rs v1.2.1
   Compiling equivalent v1.0.2
    Checking crypto-common v0.1.6
    Checking block-buffer v0.10.4
   Compiling darling v0.21.3
    Checking crypto-bigint v0.5.5
    Checking digest v0.10.7
    Checking sec1 v0.7.3
   Compiling hashbrown v0.16.1
    Checking indexmap-nostd v0.4.0
   Compiling serde_with_macros v3.16.1
    Checking signature v2.2.0
    Checking ark-serialize v0.4.2
    Checking hmac v0.12.1
    Checking sha2 v0.10.9
    Checking rfc6979 v0.4.0
    Checking indexmap v2.13.0
    Checking ark-ff v0.4.2
    Checking wasmparser-nostd v0.100.2
    Checking elliptic-curve v0.13.8
    Checking wasmi_core v0.13.0
    Checking hex v0.4.3
   Compiling serde_with v3.16.1
   Compiling crate-git-revision v0.0.6
    Checking ecdsa v0.16.9
   Compiling curve25519-dalek-derive v0.1.1
   Compiling stellar-strkey v0.0.9
   Compiling stellar-xdr v22.1.0
   Compiling soroban-env-common v22.1.3
    Checking smallvec v1.15.1
    Checking base64 v0.13.1
   Compiling prettyplease v0.2.37
    Checking wasmi_arena v0.4.1
    Checking spin v0.9.8
    Checking wasmparser v0.116.1
    Checking soroban-wasmi v0.31.1-soroban.20.0.1
    Checking primeorder v0.13.6
    Checking ed25519 v2.2.3
    Checking ark-poly v0.4.2
   Compiling darling_core v0.20.11
   Compiling soroban-env-host v22.1.3
    Checking ark-ec v0.4.2
    Checking keccak v0.1.6
    Checking ethnum v1.5.2
    Checking static_assertions v1.1.0
    Checking sha3 v0.10.8
    Checking ark-bls12-381 v0.4.0
    Checking ed25519-dalek v2.2.0
    Checking p256 v0.13.2
    Checking k256 v0.13.4
   Compiling soroban-sdk-macros v22.0.10
   Compiling soroban-builtin-sdk-macros v22.1.3
    Checking hex-literal v0.4.1
   Compiling darling_macro v0.20.11
   Compiling soroban-sdk v22.0.10
   Compiling bytes-lit v0.0.5
   Compiling darling v0.20.11
   Compiling soroban-spec v22.0.10
   Compiling soroban-spec-rust v22.0.10
   Compiling soroban-env-macros v22.1.3
    Checking soroban-ledger-snapshot v22.0.10
    Checking soroban-pausable v0.1.0 (C:\Users\USER\Desktop\monorepo\contracts\soroban_pausable)
    Checking contract_access v0.1.0 (C:\Users\USER\Desktop\monorepo\contracts\contract_access)
    Checking timelock v0.1.0 (C:\Users\USER\Desktop\monorepo\contracts\timelock)
    Checking deal_escrow v0.1.0 (C:\Users\USER\Desktop\monorepo\contracts\deal_escrow)
    Checking rent_payments v0.1.0 (C:\Users\USER\Desktop\monorepo\contracts\rent_payments)
    Checking mvp-staking-pool v0.1.0 (C:\Users\USER\Desktop\monorepo\contracts\mvp_staking_pool)
    Checking staking_pool v0.1.0 (C:\Users\USER\Desktop\monorepo\contracts\staking_pool)
    Checking whistleblower_rewards v0.1.0 (C:\Users\USER\Desktop\monorepo\contracts\whistleblower_rewards)
    Checking rent_wallet v0.1.0 (C:\Users\USER\Desktop\monorepo\contracts\rent_wallet)
    Checking staking_rewards v0.1.0 (C:\Users\USER\Desktop\monorepo\contracts\staking_rewards)
    Checking transaction-receipt-contract v0.1.0 (C:\Users\USER\Desktop\monorepo\contracts\transaction-receipt-contract)
warning: unexpected `cfg` condition name: `kani`
  --> rent_wallet\src\lib.rs:12:7
   |
12 | #[cfg(kani)]
   |       ^^^^
   |
   = help: expected names are: `docsrs`, `feature`, and `test` and 31 more
   = help: consider using a Cargo feature instead
   = help: or consider adding in `Cargo.toml` the `check-cfg` lint config for the lint:
            [lints.rust]
            unexpected_cfgs = { level = "warn", check-cfg = ['cfg(kani)'] }
   = help: or consider adding `println!("cargo::rustc-check-cfg=cfg(kani)");` to the top of the `build.rs`
   = note: see <https://doc.rust-lang.org/nightly/rustc/check-cfg/cargo-specifics.html> for more information about checking conditional configuration
   = note: `#[warn(unexpected_cfgs)]` on by default

warning: unexpected `cfg` condition name: `kani`
  --> transaction-receipt-contract\src\lib.rs:18:7
   |
18 | #[cfg(kani)]
   |       ^^^^
   |
   = help: expected names are: `docsrs`, `feature`, and `test` and 31 more
   = help: consider using a Cargo feature instead
   = help: or consider adding in `Cargo.toml` the `check-cfg` lint config for the lint:
            [lints.rust]
            unexpected_cfgs = { level = "warn", check-cfg = ['cfg(kani)'] }
   = help: or consider adding `println!("cargo::rustc-check-cfg=cfg(kani)");` to the top of the `build.rs`
   = note: see <https://doc.rust-lang.org/nightly/rustc/check-cfg/cargo-specifics.html> for more information about checking conditional configuration
   = note: `#[warn(unexpected_cfgs)]` on by default

warning: unexpected `cfg` condition name: `kani`
   --> transaction-receipt-contract\src\lib.rs:281:7
    |
281 | #[cfg(kani)]
    |       ^^^^
    |
    = help: consider using a Cargo feature instead
    = help: or consider adding in `Cargo.toml` the `check-cfg` lint config for the lint:
             [lints.rust]
             unexpected_cfgs = { level = "warn", check-cfg = ['cfg(kani)'] }
    = help: or consider adding `println!("cargo::rustc-check-cfg=cfg(kani)");` to the top of the `build.rs`
    = note: see <https://doc.rust-lang.org/nightly/rustc/check-cfg/cargo-specifics.html> for more information about checking conditional configuration

warning: associated function `is_paused` is never used
   --> deal_escrow\src\lib.rs:484:8
    |
320 | impl DealEscrow {
    | --------------- associated function in this implementation
...
484 |     fn is_paused(env: Env) -> bool {
    |        ^^^^^^^^^
    |
    = note: `#[warn(dead_code)]` on by default

warning: unexpected `cfg` condition name: `kani`
 --> staking_rewards\src\lib.rs:7:7
  |
7 | #[cfg(kani)]
  |       ^^^^
  |
  = help: expected names are: `docsrs`, `feature`, and `test` and 31 more
  = help: consider using a Cargo feature instead
  = help: or consider adding in `Cargo.toml` the `check-cfg` lint config for the lint:
           [lints.rust]
           unexpected_cfgs = { level = "warn", check-cfg = ['cfg(kani)'] }
  = help: or consider adding `println!("cargo::rustc-check-cfg=cfg(kani)");` to the top of the `build.rs`
  = note: see <https://doc.rust-lang.org/nightly/rustc/check-cfg/cargo-specifics.html> for more information about checking conditional configuration
  = note: `#[warn(unexpected_cfgs)]` on by default

warning: unexpected `cfg` condition name: `kani`
  --> staking_pool\src\lib.rs:22:7
   |
22 | #[cfg(kani)]
   |       ^^^^
   |
   = help: expected names are: `docsrs`, `feature`, and `test` and 31 more
   = help: consider using a Cargo feature instead
   = help: or consider adding in `Cargo.toml` the `check-cfg` lint config for the lint:
            [lints.rust]
            unexpected_cfgs = { level = "warn", check-cfg = ['cfg(kani)'] }
   = help: or consider adding `println!("cargo::rustc-check-cfg=cfg(kani)");` to the top of the `build.rs`
   = note: see <https://doc.rust-lang.org/nightly/rustc/check-cfg/cargo-specifics.html> for more information about checking conditional configuration
   = note: `#[warn(unexpected_cfgs)]` on by default

warning: unused import: `soroban_sdk::Env`
 --> staking_pool\src\validation.rs:5:5
  |
5 | use soroban_sdk::Env;
  |     ^^^^^^^^^^^^^^^^
  |
  = note: `#[warn(unused_imports)]` on by default

warning: `deal_escrow` (lib) generated 1 warning
warning: `rent_wallet` (lib) generated 1 warning
error[E0425]: cannot find function `require_positive_amount` in this scope
   --> staking_pool\src\lib.rs:761:9
    |
761 |         require_positive_amount(input.amount_usdc)?;
    |         ^^^^^^^^^^^^^^^^^^^^^^^ not found in this scope

error[E0425]: cannot find function `require_admin` in this scope
   --> staking_pool\src\lib.rs:788:12
    |
788 |         if require_admin(&env, &admin).is_err() {
    |            ^^^^^^^^^^^^^ not found in this scope

error[E0425]: cannot find function `require_admin` in this scope
   --> staking_pool\src\lib.rs:800:12
    |
800 |         if require_admin(&env, &admin).is_err() {
    |            ^^^^^^^^^^^^^ not found in this scope

warning: `transaction-receipt-contract` (lib) generated 2 warnings
warning: `staking_rewards` (lib) generated 1 warning
For more information about this error, try `rustc --explain E0425`.
warning: `staking_pool` (lib) generated 2 warnings
error: could not compile `staking_pool` (lib) due to 3 previous errors; 2 warnings emitted
